mode: atomic
dashboard-ecommerce-team2/main.go:39.13,41.16 2 0
dashboard-ecommerce-team2/main.go:41.16,43.3 1 0
dashboard-ecommerce-team2/main.go:45.2,52.12 3 0
dashboard-ecommerce-team2/main.go:52.12,55.77 2 0
dashboard-ecommerce-team2/main.go:55.77,57.4 1 0
dashboard-ecommerce-team2/main.go:61.2,71.50 7 0
dashboard-ecommerce-team2/main.go:71.50,73.3 1 0
dashboard-ecommerce-team2/main.go:76.2,76.9 1 0
dashboard-ecommerce-team2/main.go:77.28,78.39 1 0
dashboard-ecommerce-team2/main.go:81.2,81.31 1 0
