mode: set
dashboard-ecommerce-team2/repository/product/product_repository.go:28.75,30.2 1 0
dashboard-ecommerce-team2/repository/product/product_repository.go:33.78,52.16 5 0
dashboard-ecommerce-team2/repository/product/product_repository.go:52.16,54.3 1 0
dashboard-ecommerce-team2/repository/product/product_repository.go:57.2,57.35 1 0
dashboard-ecommerce-team2/repository/product/product_repository.go:57.35,63.3 1 0
dashboard-ecommerce-team2/repository/product/product_repository.go:65.2,65.26 1 0
dashboard-ecommerce-team2/repository/product/product_repository.go:69.57,79.16 3 0
dashboard-ecommerce-team2/repository/product/product_repository.go:79.16,81.3 1 0
dashboard-ecommerce-team2/repository/product/product_repository.go:83.2,83.24 1 0
dashboard-ecommerce-team2/repository/product/product_repository.go:87.72,91.16 3 0
dashboard-ecommerce-team2/repository/product/product_repository.go:91.16,94.3 2 0
dashboard-ecommerce-team2/repository/product/product_repository.go:95.2,95.12 1 0
dashboard-ecommerce-team2/repository/product/product_repository.go:99.50,103.16 3 0
dashboard-ecommerce-team2/repository/product/product_repository.go:103.16,104.40 1 0
dashboard-ecommerce-team2/repository/product/product_repository.go:104.40,106.4 1 0
dashboard-ecommerce-team2/repository/product/product_repository.go:107.3,108.13 2 0
dashboard-ecommerce-team2/repository/product/product_repository.go:111.2,112.16 2 0
dashboard-ecommerce-team2/repository/product/product_repository.go:112.16,115.3 2 0
dashboard-ecommerce-team2/repository/product/product_repository.go:117.2,117.12 1 0
dashboard-ecommerce-team2/repository/product/product_repository.go:121.102,130.16 5 0
dashboard-ecommerce-team2/repository/product/product_repository.go:130.16,133.3 2 0
dashboard-ecommerce-team2/repository/product/product_repository.go:136.2,151.16 2 0
dashboard-ecommerce-team2/repository/product/product_repository.go:151.16,154.3 2 0
dashboard-ecommerce-team2/repository/product/product_repository.go:156.2,156.46 1 0
dashboard-ecommerce-team2/repository/product/product_repository.go:160.72,182.16 4 0
dashboard-ecommerce-team2/repository/product/product_repository.go:182.16,183.40 1 0
dashboard-ecommerce-team2/repository/product/product_repository.go:183.40,185.4 1 0
dashboard-ecommerce-team2/repository/product/product_repository.go:186.3,187.18 2 0
dashboard-ecommerce-team2/repository/product/product_repository.go:189.2,189.26 1 0
dashboard-ecommerce-team2/repository/product/product_repository.go:189.26,190.73 1 0
dashboard-ecommerce-team2/repository/product/product_repository.go:190.73,193.4 2 0
dashboard-ecommerce-team2/repository/product/product_repository.go:196.2,196.24 1 0
dashboard-ecommerce-team2/repository/product/product_repository.go:200.98,205.16 4 0
dashboard-ecommerce-team2/repository/product/product_repository.go:205.16,206.40 1 0
dashboard-ecommerce-team2/repository/product/product_repository.go:206.40,208.4 1 0
dashboard-ecommerce-team2/repository/product/product_repository.go:209.3,210.18 2 0
dashboard-ecommerce-team2/repository/product/product_repository.go:212.2,212.22 1 0
